<?xml version="1.0" encoding="UTF-8"?>
<testsuite xmlns:xsi="http://www.w3.org/2001/XMLSchema-instance" xsi:noNamespaceSchemaLocation="https://maven.apache.org/surefire/maven-surefire-plugin/xsd/surefire-test-report.xsd" name="com.berrypetclinic.services.springdatajpa.OwnerSpringDataServiceTest" time="0.469" tests="7" errors="0" skipped="0" failures="0">
  <properties>
[...]
</properties>
  <testcase name="delete" classname="com.berrypetclinic.services.springdatajpa.OwnerSpringDataServiceTest" time="0.443"/>
  <testcase name="findAll" classname="com.berrypetclinic.services.springdatajpa.OwnerSpringDataServiceTest" time="0.006"/>
  <testcase name="findById" classname="com.berrypetclinic.services.springdatajpa.OwnerSpringDataServiceTest" time="0.002"/>
  <testcase name="save" classname="com.berrypetclinic.services.springdatajpa.OwnerSpringDataServiceTest" time="0.002"/>
  <testcase name="findByLastName" classname="com.berrypetclinic.services.springdatajpa.OwnerSpringDataServiceTest" time="0.002"/>
  <testcase name="findByIdNotFound" classname="com.berrypetclinic.services.springdatajpa.OwnerSpringDataServiceTest" time="0.001"/>
  <testcase name="deleteById" classname="com.berrypetclinic.services.springdatajpa.OwnerSpringDataServiceTest" time="0.002"/>
</testsuite>